<?xml version="1.0" encoding="UTF-8"?>
<testsuite xmlns:xsi="http://www.w3.org/2001/XMLSchema-instance" xsi:noNamespaceSchemaLocation="https://maven.apache.org/surefire/maven-surefire-plugin/xsd/surefire-test-report-3.0.xsd" version="3.0" name="com.unicauca.proyectogestion.service.ServicioTest" time="0.458" tests="18" errors="0" skipped="0" failures="1">
  <properties>
[...]
</properties>
  <testcase name="testValidarContrasenaSegura" classname="com.unicauca.proyectogestion.service.ServicioTest" time="0.191">
    <system-out><![CDATA[validarContrasenaSeguraCorrecta
]]></system-out>
  </testcase>
  <testcase name="testRegistrarUsuario1" classname="com.unicauca.proyectogestion.service.ServicioTest" time="0.08">
    <system-out><![CDATA[registrarUsuarioRepetido
]]></system-out>
  </testcase>
  <testcase name="testRegistrarUsuario" classname="com.unicauca.proyectogestion.service.ServicioTest" time="0.065">
    <failure message="expected: &lt;true&gt; but was: &lt;false&gt;" type="org.opentest4j.AssertionFailedError"><![CDATA[org.opentest4j.AssertionFailedError: expected: <true> but was: <false>
	at org.junit.jupiter.api.AssertionUtils.fail(AssertionUtils.java:55)
	at org.junit.jupiter.api.AssertionUtils.failNotEqual(AssertionUtils.java:62)
	at org.junit.jupiter.api.AssertEquals.assertEquals(AssertEquals.java:182)
	at org.junit.jupiter.api.AssertEquals.assertEquals(AssertEquals.java:177)
	at org.junit.jupiter.api.Assertions.assertEquals(Assertions.java:1124)
	at com.unicauca.proyectogestion.service.ServicioTest.testRegistrarUsuario(ServicioTest.java:21)
	at java.base/jdk.internal.reflect.NativeMethodAccessorImpl.invoke0(Native Method)
	at java.base/jdk.internal.reflect.NativeMethodAccessorImpl.invoke(NativeMethodAccessorImpl.java:77)
	at java.base/jdk.internal.reflect.DelegatingMethodAccessorImpl.invoke(DelegatingMethodAccessorImpl.java:43)
	at java.base/java.lang.reflect.Method.invoke(Method.java:568)
	at org.junit.platform.commons.util.ReflectionUtils.invokeMethod(ReflectionUtils.java:686)
	at org.junit.jupiter.engine.execution.MethodInvocation.proceed(MethodInvocation.java:60)
	at org.junit.jupiter.engine.execution.InvocationInterceptorChain$ValidatingInvocation.proceed(InvocationInterceptorChain.java:131)
	at org.junit.jupiter.engine.extension.TimeoutExtension.intercept(TimeoutExtension.java:149)
	at org.junit.jupiter.engine.extension.TimeoutExtension.interceptTestableMethod(TimeoutExtension.java:140)
	at org.junit.jupiter.engine.extension.TimeoutExtension.interceptTestMethod(TimeoutExtension.java:84)
	at org.junit.jupiter.engine.execution.ExecutableInvoker$ReflectiveInterceptorCall.lambda$ofVoidMethod$0(ExecutableInvoker.java:115)
	at org.junit.jupiter.engine.execution.ExecutableInvoker.lambda$invoke$0(ExecutableInvoker.java:105)
	at org.junit.jupiter.engine.execution.InvocationInterceptorChain$InterceptedInvocation.proceed(InvocationInterceptorChain.java:106)
	at org.junit.jupiter.engine.execution.InvocationInterceptorChain.proceed(InvocationInterceptorChain.java:64)
	at org.junit.jupiter.engine.execution.InvocationInterceptorChain.chainAndInvoke(InvocationInterceptorChain.java:45)
	at org.junit.jupiter.engine.execution.InvocationInterceptorChain.invoke(InvocationInterceptorChain.java:37)
	at org.junit.jupiter.engine.execution.ExecutableInvoker.invoke(ExecutableInvoker.java:104)
	at org.junit.jupiter.engine.execution.ExecutableInvoker.invoke(ExecutableInvoker.java:98)
	at org.junit.jupiter.engine.descriptor.TestMethodTestDescriptor.lambda$invokeTestMethod$6(TestMethodTestDescriptor.java:205)
	at org.junit.platform.engine.support.hierarchical.ThrowableCollector.execute(ThrowableCollector.java:73)
	at org.junit.jupiter.engine.descriptor.TestMethodTestDescriptor.invokeTestMethod(TestMethodTestDescriptor.java:201)
	at org.junit.jupiter.engine.descriptor.TestMethodTestDescriptor.execute(TestMethodTestDescriptor.java:137)
	at org.junit.jupiter.engine.descriptor.TestMethodTestDescriptor.execute(TestMethodTestDescriptor.java:71)
	at org.junit.platform.engine.support.hierarchical.NodeTestTask.lambda$executeRecursively$5(NodeTestTask.java:135)
	at org.junit.platform.engine.support.hierarchical.ThrowableCollector.execute(ThrowableCollector.java:73)
	at org.junit.platform.engine.support.hierarchical.NodeTestTask.lambda$executeRecursively$7(NodeTestTask.java:125)
	at org.junit.platform.engine.support.hierarchical.Node.around(Node.java:135)
	at org.junit.platform.engine.support.hierarchical.NodeTestTask.lambda$executeRecursively$8(NodeTestTask.java:123)
	at org.junit.platform.engine.support.hierarchical.ThrowableCollector.execute(ThrowableCollector.java:73)
	at org.junit.platform.engine.support.hierarchical.NodeTestTask.executeRecursively(NodeTestTask.java:122)
	at org.junit.platform.engine.support.hierarchical.NodeTestTask.execute(NodeTestTask.java:80)
	at java.base/java.util.ArrayList.forEach(ArrayList.java:1511)
	at org.junit.platform.engine.support.hierarchical.SameThreadHierarchicalTestExecutorService.invokeAll(SameThreadHierarchicalTestExecutorService.java:38)
	at org.junit.platform.engine.support.hierarchical.NodeTestTask.lambda$executeRecursively$5(NodeTestTask.java:139)
	at org.junit.platform.engine.support.hierarchical.ThrowableCollector.execute(ThrowableCollector.java:73)
	at org.junit.platform.engine.support.hierarchical.NodeTestTask.lambda$executeRecursively$7(NodeTestTask.java:125)
	at org.junit.platform.engine.support.hierarchical.Node.around(Node.java:135)
	at org.junit.platform.engine.support.hierarchical.NodeTestTask.lambda$executeRecursively$8(NodeTestTask.java:123)
	at org.junit.platform.engine.support.hierarchical.ThrowableCollector.execute(ThrowableCollector.java:73)
	at org.junit.platform.engine.support.hierarchical.NodeTestTask.executeRecursively(NodeTestTask.java:122)
	at org.junit.platform.engine.support.hierarchical.NodeTestTask.execute(NodeTestTask.java:80)
	at java.base/java.util.ArrayList.forEach(ArrayList.java:1511)
	at org.junit.platform.engine.support.hierarchical.SameThreadHierarchicalTestExecutorService.invokeAll(SameThreadHierarchicalTestExecutorService.java:38)
	at org.junit.platform.engine.support.hierarchical.NodeTestTask.lambda$executeRecursively$5(NodeTestTask.java:139)
	at org.junit.platform.engine.support.hierarchical.ThrowableCollector.execute(ThrowableCollector.java:73)
	at org.junit.platform.engine.support.hierarchical.NodeTestTask.lambda$executeRecursively$7(NodeTestTask.java:125)
	at org.junit.platform.engine.support.hierarchical.Node.around(Node.java:135)
	at org.junit.platform.engine.support.hierarchical.NodeTestTask.lambda$executeRecursively$8(NodeTestTask.java:123)
	at org.junit.platform.engine.support.hierarchical.ThrowableCollector.execute(ThrowableCollector.java:73)
	at org.junit.platform.engine.support.hierarchical.NodeTestTask.executeRecursively(NodeTestTask.java:122)
	at org.junit.platform.engine.support.hierarchical.NodeTestTask.execute(NodeTestTask.java:80)
	at org.junit.platform.engine.support.hierarchical.SameThreadHierarchicalTestExecutorService.submit(SameThreadHierarchicalTestExecutorService.java:32)
	at org.junit.platform.engine.support.hierarchical.HierarchicalTestExecutor.execute(HierarchicalTestExecutor.java:57)
	at org.junit.platform.engine.support.hierarchical.HierarchicalTestEngine.execute(HierarchicalTestEngine.java:51)
	at org.junit.platform.launcher.core.DefaultLauncher.execute(DefaultLauncher.java:248)
	at org.junit.platform.launcher.core.DefaultLauncher.lambda$execute$5(DefaultLauncher.java:211)
	at org.junit.platform.launcher.core.DefaultLauncher.withInterceptedStreams(DefaultLauncher.java:226)
	at org.junit.platform.launcher.core.DefaultLauncher.execute(DefaultLauncher.java:199)
	at org.junit.platform.launcher.core.DefaultLauncher.execute(DefaultLauncher.java:132)
	at org.apache.maven.surefire.junitplatform.LazyLauncher.execute(LazyLauncher.java:56)
	at org.apache.maven.surefire.junitplatform.JUnitPlatformProvider.execute(JUnitPlatformProvider.java:184)
	at org.apache.maven.surefire.junitplatform.JUnitPlatformProvider.invokeAllTests(JUnitPlatformProvider.java:148)
	at org.apache.maven.surefire.junitplatform.JUnitPlatformProvider.invoke(JUnitPlatformProvider.java:122)
	at org.apache.maven.surefire.booter.ForkedBooter.runSuitesInProcess(ForkedBooter.java:385)
	at org.apache.maven.surefire.booter.ForkedBooter.execute(ForkedBooter.java:162)
	at org.apache.maven.surefire.booter.ForkedBooter.run(ForkedBooter.java:507)
	at org.apache.maven.surefire.booter.ForkedBooter.main(ForkedBooter.java:495)
]]></failure>
    <system-out><![CDATA[registrarUsuarioNuevo
]]></system-out>
  </testcase>
  <testcase name="testIniciarSesion1" classname="com.unicauca.proyectogestion.service.ServicioTest" time="0.003">
    <system-out><![CDATA[iniciarSesionCorreoInvalido
]]></system-out>
  </testcase>
  <testcase name="testIniciarSesion2" classname="com.unicauca.proyectogestion.service.ServicioTest" time="0.002">
    <system-out><![CDATA[iniciarSesionContraseniaInvalida
]]></system-out>
  </testcase>
  <testcase name="testIniciarSesion3" classname="com.unicauca.proyectogestion.service.ServicioTest" time="0.002">
    <system-out><![CDATA[iniciarSesionInvalido
]]></system-out>
  </testcase>
  <testcase name="testValidarCorreoInstitucional1" classname="com.unicauca.proyectogestion.service.ServicioTest" time="0.002">
    <system-out><![CDATA[Validar correo institucional fallido, no pertenece a unicauca.
]]></system-out>
  </testcase>
  <testcase name="testValidarCorreoInstitucional2" classname="com.unicauca.proyectogestion.service.ServicioTest" time="0.002">
    <system-out><![CDATA[Validar correo institucional fallido, no contiene @
]]></system-out>
  </testcase>
  <testcase name="testValidarCorreoInstitucional3" classname="com.unicauca.proyectogestion.service.ServicioTest" time="0.001">
    <system-out><![CDATA[Validar correo institucional fallido, correo vacío.
]]></system-out>
  </testcase>
  <testcase name="testValidarCorreoInstitucional" classname="com.unicauca.proyectogestion.service.ServicioTest" time="0.001">
    <system-out><![CDATA[Validar correo institucional exitoso
]]></system-out>
  </testcase>
  <testcase name="testObtenerRolUsuario" classname="com.unicauca.proyectogestion.service.ServicioTest" time="0.003">
    <system-out><![CDATA[Obtener rol de usuario existente.
]]></system-out>
  </testcase>
  <testcase name="testObtenerUsuarioPorEmail" classname="com.unicauca.proyectogestion.service.ServicioTest" time="0.002">
    <system-out><![CDATA[Obtener usuario por email existente.
]]></system-out>
  </testcase>
  <testcase name="testValidarContrasenaSegura1" classname="com.unicauca.proyectogestion.service.ServicioTest" time="0.001">
    <system-out><![CDATA[validarContrasenaSeguraErrorLongitud
]]></system-out>
  </testcase>
  <testcase name="testValidarContrasenaSegura2" classname="com.unicauca.proyectogestion.service.ServicioTest" time="0.001">
    <system-out><![CDATA[validarContrasenaSeguraErrorMayus
]]></system-out>
  </testcase>
  <testcase name="testValidarContrasenaSegura3" classname="com.unicauca.proyectogestion.service.ServicioTest" time="0.001">
    <system-out><![CDATA[validarContrasenaSeguraErrorNumero
]]></system-out>
  </testcase>
  <testcase name="testValidarContrasenaSegura4" classname="com.unicauca.proyectogestion.service.ServicioTest" time="0.002">
    <system-out><![CDATA[validarContrasenaSeguraErrorCaracter
]]></system-out>
  </testcase>
  <testcase name="testObtenerUsuarioPorEmail1" classname="com.unicauca.proyectogestion.service.ServicioTest" time="0.002">
    <system-out><![CDATA[Obtener usuario por email no existente.
]]></system-out>
  </testcase>
  <testcase name="testIniciarSesion" classname="com.unicauca.proyectogestion.service.ServicioTest" time="0.062">
    <system-out><![CDATA[iniciarSesionValido
]]></system-out>
  </testcase>
</testsuite>