<?xml version="1.0" encoding="UTF-8"?>
<testsuite xmlns:xsi="http://www.w3.org/2001/XMLSchema-instance" xsi:noNamespaceSchemaLocation="https://maven.apache.org/surefire/maven-surefire-plugin/xsd/surefire-test-report-3.0.xsd" version="3.0" name="com.unicauca.proyectogestion.service.ServicioTest" time="0.398" tests="11" errors="0" skipped="0" failures="0">
  <properties>
[...]
</properties>
  <testcase name="testValidarContrasenaSegura" classname="com.unicauca.proyectogestion.service.ServicioTest" time="0.15">
    <system-out><![CDATA[validarContrasenaSeguraCorrecta
]]></system-out>
  </testcase>
  <testcase name="testRegistrarUsuario1" classname="com.unicauca.proyectogestion.service.ServicioTest" time="0.075">
    <system-out><![CDATA[registrarUsuarioRepetido
]]></system-out>
  </testcase>
  <testcase name="testRegistrarUsuario" classname="com.unicauca.proyectogestion.service.ServicioTest" time="0.069">
    <system-out><![CDATA[registrarUsuarioNuevo
Usuario registrado.
]]></system-out>
  </testcase>
  <testcase name="testIniciarSesion1" classname="com.unicauca.proyectogestion.service.ServicioTest" time="0.002">
    <system-out><![CDATA[iniciarSesionCorreoInvalido
]]></system-out>
  </testcase>
  <testcase name="testIniciarSesion2" classname="com.unicauca.proyectogestion.service.ServicioTest" time="0.001">
    <system-out><![CDATA[iniciarSesionContraseniaInvalida
]]></system-out>
  </testcase>
  <testcase name="testIniciarSesion3" classname="com.unicauca.proyectogestion.service.ServicioTest" time="0.002">
    <system-out><![CDATA[iniciarSesionInvalido
]]></system-out>
  </testcase>
  <testcase name="testValidarContrasenaSegura1" classname="com.unicauca.proyectogestion.service.ServicioTest" time="0.003">
    <system-out><![CDATA[validarContrasenaSeguraErrorLongitud
]]></system-out>
  </testcase>
  <testcase name="testValidarContrasenaSegura2" classname="com.unicauca.proyectogestion.service.ServicioTest" time="0.003">
    <system-out><![CDATA[validarContrasenaSeguraErrorMayus
]]></system-out>
  </testcase>
  <testcase name="testValidarContrasenaSegura3" classname="com.unicauca.proyectogestion.service.ServicioTest" time="0.002">
    <system-out><![CDATA[validarContrasenaSeguraErrorNumero
]]></system-out>
  </testcase>
  <testcase name="testValidarContrasenaSegura4" classname="com.unicauca.proyectogestion.service.ServicioTest" time="0.002">
    <system-out><![CDATA[validarContrasenaSeguraErrorCaracter
]]></system-out>
  </testcase>
  <testcase name="testIniciarSesion" classname="com.unicauca.proyectogestion.service.ServicioTest" time="0.061">
    <system-out><![CDATA[iniciarSesionValido
]]></system-out>
  </testcase>
</testsuite>